0 info it worked if it ends with ok
1 verbose cli [ '/usr/local/bin/node', '/usr/local/bin/npm', 'run', 'compile' ]
2 info using npm@3.10.8
3 info using node@v6.8.1
4 verbose run-script [ 'precompile', 'compile', 'postcompile' ]
5 info lifecycle typescript-demo@0.1.0~precompile: typescript-demo@0.1.0
6 silly lifecycle typescript-demo@0.1.0~precompile: no script for precompile, continuing
7 info lifecycle typescript-demo@0.1.0~compile: typescript-demo@0.1.0
8 verbose lifecycle typescript-demo@0.1.0~compile: unsafe-perm in lifecycle true
9 verbose lifecycle typescript-demo@0.1.0~compile: PATH: /usr/local/lib/node_modules/npm/bin/node-gyp-bin:/Users/tkmagesh/Documents/Training/Cisco-Angular2-Mar-2017/Day-01/02-TypeScript/node_modules/.bin:“/Users/tkmagesh/apache-cassandra-3.10/bin:/Library/Frameworks/Python.framework/Versions/2.7/bin:/Users/tkmagesh/anaconda/bin:/Library/Frameworks/Python.framework/Versions/3.5/bin:/Library/Frameworks/Python.framework/Versions/3.5/bin:/usr/local/bin:/usr/bin:/bin:/usr/sbin:/sbin:/usr/local/share/dotnet:/usr/local/go/bin”
10 verbose lifecycle typescript-demo@0.1.0~compile: CWD: /Users/tkmagesh/Documents/Training/Cisco-Angular2-Mar-2017/Day-01/02-TypeScript
11 silly lifecycle typescript-demo@0.1.0~compile: Args: [ '-c', 'tsc src/index.ts --outDir dest' ]
12 silly lifecycle typescript-demo@0.1.0~compile: Returned: code: 2  signal: null
13 info lifecycle typescript-demo@0.1.0~compile: Failed to exec compile script
14 verbose stack Error: typescript-demo@0.1.0 compile: `tsc src/index.ts --outDir dest`
14 verbose stack Exit status 2
14 verbose stack     at EventEmitter.<anonymous> (/usr/local/lib/node_modules/npm/lib/utils/lifecycle.js:255:16)
14 verbose stack     at emitTwo (events.js:106:13)
14 verbose stack     at EventEmitter.emit (events.js:191:7)
14 verbose stack     at ChildProcess.<anonymous> (/usr/local/lib/node_modules/npm/lib/utils/spawn.js:40:14)
14 verbose stack     at emitTwo (events.js:106:13)
14 verbose stack     at ChildProcess.emit (events.js:191:7)
14 verbose stack     at maybeClose (internal/child_process.js:877:16)
14 verbose stack     at Process.ChildProcess._handle.onexit (internal/child_process.js:226:5)
15 verbose pkgid typescript-demo@0.1.0
16 verbose cwd /Users/tkmagesh/Documents/Training/Cisco-Angular2-Mar-2017/Day-01/02-TypeScript
17 error Darwin 16.4.0
18 error argv "/usr/local/bin/node" "/usr/local/bin/npm" "run" "compile"
19 error node v6.8.1
20 error npm  v3.10.8
21 error code ELIFECYCLE
22 error typescript-demo@0.1.0 compile: `tsc src/index.ts --outDir dest`
22 error Exit status 2
23 error Failed at the typescript-demo@0.1.0 compile script 'tsc src/index.ts --outDir dest'.
23 error Make sure you have the latest version of node.js and npm installed.
23 error If you do, this is most likely a problem with the typescript-demo package,
23 error not with npm itself.
23 error Tell the author that this fails on your system:
23 error     tsc src/index.ts --outDir dest
23 error You can get information on how to open an issue for this project with:
23 error     npm bugs typescript-demo
23 error Or if that isn't available, you can get their info via:
23 error     npm owner ls typescript-demo
23 error There is likely additional logging output above.
24 verbose exit [ 1, true ]
